# JRE version: Java(TM) SE Runtime Environment (8.0_171-b11) (build 1.8.0_171-b11)
# Java VM: Java HotSpot(TM) 64-Bit Server VM (25.171-b11 mixed mode linux-amd64 compressed oops)
Heap:
 PSYoungGen      total 137216K, used 2702K [0x00000000d5580000, 0x00000000de980000, 0x0000000100000000)
  eden space 125440K, 0% used [0x00000000d5580000,0x00000000d5580000,0x00000000dd000000)
  from space 11776K, 22% used [0x00000000dd000000,0x00000000dd2a3900,0x00000000ddb80000)
  to   space 11776K, 0% used [0x00000000ddb80000,0x00000000ddb80000,0x00000000de700000)
 ParOldGen       total 80384K, used 16180K [0x0000000080000000, 0x0000000084e80000, 0x00000000d5580000)
  object space 80384K, 20% used [0x0000000080000000,0x0000000080fcd218,0x0000000084e80000)
 Metaspace       used 38340K, capacity 39028K, committed 39384K, reserved 1083392K
  class space    used 5055K, capacity 5255K, committed 5376K, reserved 1048576K
GC Heap History (10 events):
Event: 5,980 GC heap after
Heap after GC invocations=8 (full 1):
 PSYoungGen      total 102912K, used 8904K [0x00000000d5580000, 0x00000000dd080000, 0x0000000100000000)
  eden space 93184K, 0% used [0x00000000d5580000,0x00000000d5580000,0x00000000db080000)
  from space 9728K, 91% used [0x00000000db080000,0x00000000db932350,0x00000000dba00000)
  to   space 10752K, 0% used [0x00000000dc600000,0x00000000dc600000,0x00000000dd080000)
 ParOldGen       total 52224K, used 9218K [0x0000000080000000, 0x0000000083300000, 0x00000000d5580000)
  object space 52224K, 17% used [0x0000000080000000,0x00000000809008e8,0x0000000083300000)
 Metaspace       used 31696K, capacity 32180K, committed 32512K, reserved 1077248K
  class space    used 4386K, capacity 4553K, committed 4608K, reserved 1048576K
}
Event: 9,006 GC heap before
{Heap before GC invocations=9 (full 1):
 PSYoungGen      total 102912K, used 44060K [0x00000000d5580000, 0x00000000dd080000, 0x0000000100000000)
  eden space 93184K, 37% used [0x00000000d5580000,0x00000000d77d4de0,0x00000000db080000)
  from space 9728K, 91% used [0x00000000db080000,0x00000000db932350,0x00000000dba00000)
  to   space 10752K, 0% used [0x00000000dc600000,0x00000000dc600000,0x00000000dd080000)
 ParOldGen       total 52224K, used 9218K [0x0000000080000000, 0x0000000083300000, 0x00000000d5580000)
  object space 52224K, 17% used [0x0000000080000000,0x00000000809008e8,0x0000000083300000)
 Metaspace       used 34762K, capacity 35336K, committed 35416K, reserved 1079296K
  class space    used 4775K, capacity 4981K, committed 4992K, reserved 1048576K
Event: 9,040 GC heap after
Heap after GC invocations=9 (full 1):
 PSYoungGen      total 114176K, used 10062K [0x00000000d5580000, 0x00000000df000000, 0x0000000100000000)
  eden space 103424K, 0% used [0x00000000d5580000,0x00000000d5580000,0x00000000dba80000)
  from space 10752K, 93% used [0x00000000dc600000,0x00000000dcfd3bd8,0x00000000dd080000)
  to   space 11776K, 0% used [0x00000000dba80000,0x00000000dba80000,0x00000000dc600000)
 ParOldGen       total 52224K, used 9226K [0x0000000080000000, 0x0000000083300000, 0x00000000d5580000)
  object space 52224K, 17% used [0x0000000080000000,0x00000000809028e8,0x0000000083300000)
 Metaspace       used 34762K, capacity 35336K, committed 35416K, reserved 1079296K
  class space    used 4775K, capacity 4981K, committed 4992K, reserved 1048576K
}
Event: 9,041 GC heap before
{Heap before GC invocations=10 (full 2):
 PSYoungGen      total 114176K, used 10062K [0x00000000d5580000, 0x00000000df000000, 0x0000000100000000)
  eden space 103424K, 0% used [0x00000000d5580000,0x00000000d5580000,0x00000000dba80000)
  from space 10752K, 93% used [0x00000000dc600000,0x00000000dcfd3bd8,0x00000000dd080000)
  to   space 11776K, 0% used [0x00000000dba80000,0x00000000dba80000,0x00000000dc600000)
 ParOldGen       total 52224K, used 9226K [0x0000000080000000, 0x0000000083300000, 0x00000000d5580000)
  object space 52224K, 17% used [0x0000000080000000,0x00000000809028e8,0x0000000083300000)
 Metaspace       used 34762K, capacity 35336K, committed 35416K, reserved 1079296K
  class space    used 4775K, capacity 4981K, committed 4992K, reserved 1048576K
Event: 9,185 GC heap after
Heap after GC invocations=10 (full 2):
 PSYoungGen      total 114176K, used 0K [0x00000000d5580000, 0x00000000df000000, 0x0000000100000000)
  eden space 103424K, 0% used [0x00000000d5580000,0x00000000d5580000,0x00000000dba80000)
  from space 10752K, 0% used [0x00000000dc600000,0x00000000dc600000,0x00000000dd080000)
  to   space 11776K, 0% used [0x00000000dba80000,0x00000000dba80000,0x00000000dc600000)
 ParOldGen       total 80384K, used 16092K [0x0000000080000000, 0x0000000084e80000, 0x00000000d5580000)
  object space 80384K, 20% used [0x0000000080000000,0x0000000080fb7208,0x0000000084e80000)
 Metaspace       used 34737K, capacity 35274K, committed 35416K, reserved 1079296K
  class space    used 4764K, capacity 4939K, committed 4992K, reserved 1048576K
}
Event: 35,326 GC heap before
{Heap before GC invocations=11 (full 2):
 PSYoungGen      total 114176K, used 103424K [0x00000000d5580000, 0x00000000df000000, 0x0000000100000000)
  eden space 103424K, 100% used [0x00000000d5580000,0x00000000dba80000,0x00000000dba80000)
  from space 10752K, 0% used [0x00000000dc600000,0x00000000dc600000,0x00000000dd080000)
  to   space 11776K, 0% used [0x00000000dba80000,0x00000000dba80000,0x00000000dc600000)
 ParOldGen       total 80384K, used 16092K [0x0000000080000000, 0x0000000084e80000, 0x00000000d5580000)
  object space 80384K, 20% used [0x0000000080000000,0x0000000080fb7208,0x0000000084e80000)
 Metaspace       used 38181K, capacity 38824K, committed 39128K, reserved 1083392K
  class space    used 5045K, capacity 5253K, committed 5376K, reserved 1048576K
Event: 35,396 GC heap after
Heap after GC invocations=11 (full 2):
 PSYoungGen      total 115200K, used 4319K [0x00000000d5580000, 0x00000000de700000, 0x0000000100000000)
  eden space 103424K, 0% used [0x00000000d5580000,0x00000000d5580000,0x00000000dba80000)
  from space 11776K, 36% used [0x00000000dba80000,0x00000000dbeb7c90,0x00000000dc600000)
  to   space 11776K, 0% used [0x00000000ddb80000,0x00000000ddb80000,0x00000000de700000)
 ParOldGen       total 80384K, used 16164K [0x0000000080000000, 0x0000000084e80000, 0x00000000d5580000)
  object space 80384K, 20% used [0x0000000080000000,0x0000000080fc9218,0x0000000084e80000)
 Metaspace       used 38181K, capacity 38824K, committed 39128K, reserved 1083392K
  class space    used 5045K, capacity 5253K, committed 5376K, reserved 1048576K
}
Event: 46,415 GC heap before
{Heap before GC invocations=12 (full 2):
 PSYoungGen      total 115200K, used 107743K [0x00000000d5580000, 0x00000000de700000, 0x0000000100000000)
  eden space 103424K, 100% used [0x00000000d5580000,0x00000000dba80000,0x00000000dba80000)
  from space 11776K, 36% used [0x00000000dba80000,0x00000000dbeb7c90,0x00000000dc600000)
  to   space 11776K, 0% used [0x00000000ddb80000,0x00000000ddb80000,0x00000000de700000)
 ParOldGen       total 80384K, used 16164K [0x0000000080000000, 0x0000000084e80000, 0x00000000d5580000)
  object space 80384K, 20% used [0x0000000080000000,0x0000000080fc9218,0x0000000084e80000)
 Metaspace       used 38314K, capacity 39016K, committed 39384K, reserved 1083392K
  class space    used 5054K, capacity 5253K, committed 5376K, reserved 1048576K
Event: 46,870 GC heap after
Heap after GC invocations=12 (full 2):
 PSYoungGen      total 137216K, used 2425K [0x00000000d5580000, 0x00000000de980000, 0x0000000100000000)
  eden space 125440K, 0% used [0x00000000d5580000,0x00000000d5580000,0x00000000dd000000)
  from space 11776K, 20% used [0x00000000ddb80000,0x00000000dddde790,0x00000000de700000)
  to   space 11776K, 0% used [0x00000000dd000000,0x00000000dd000000,0x00000000ddb80000)
 ParOldGen       total 80384K, used 16172K [0x0000000080000000, 0x0000000084e80000, 0x00000000d5580000)
  object space 80384K, 20% used [0x0000000080000000,0x0000000080fcb218,0x0000000084e80000)
 Metaspace       used 38314K, capacity 39016K, committed 39384K, reserved 1083392K
  class space    used 5054K, capacity 5253K, committed 5376K, reserved 1048576K
}
Event: 71,246 GC heap before
{Heap before GC invocations=13 (full 2):
 PSYoungGen      total 137216K, used 127865K [0x00000000d5580000, 0x00000000de980000, 0x0000000100000000)
  eden space 125440K, 100% used [0x00000000d5580000,0x00000000dd000000,0x00000000dd000000)
  from space 11776K, 20% used [0x00000000ddb80000,0x00000000dddde790,0x00000000de700000)
  to   space 11776K, 0% used [0x00000000dd000000,0x00000000dd000000,0x00000000ddb80000)
 ParOldGen       total 80384K, used 16172K [0x0000000080000000, 0x0000000084e80000, 0x00000000d5580000)
  object space 80384K, 20% used [0x0000000080000000,0x0000000080fcb218,0x0000000084e80000)
 Metaspace       used 38340K, capacity 39028K, committed 39384K, reserved 1083392K
  class space    used 5055K, capacity 5255K, committed 5376K, reserved 1048576K

